[Mon Sep 26 08:13:37 2016] [debug] Reading configuration file "/home/raven/dev/rplus_import2/app.conf"
[Mon Sep 26 08:13:46 2016] [debug] GET "/"
[Mon Sep 26 08:13:46 2016] [debug] Rendering template "main/index.html.ep"
[Mon Sep 26 08:13:46 2016] [error] Global symbol "$msg" requires explicit package name at template main/index.html.ep line 3.
1: % layout 'default';
2: % title 'Welcome';
3: <h2><%= $msg %></h2>
4: This page was generated from the template "templates/example/welcome.html.ep"
5: and the layout "templates/layouts/default.html.ep",
6: <%= link_to 'click here' => url_for %> to reload the page or
7: <%= link_to 'here' => '/index.html' %> to move forward to a static page. To
8: learn more, you can also browse through the documentation

[Mon Sep 26 08:13:46 2016] [debug] Template "exception.development.html.ep" not found
[Mon Sep 26 08:13:46 2016] [debug] Template "exception.html.ep" not found
[Mon Sep 26 08:13:46 2016] [debug] Rendering template "mojo/debug.html.ep"
[Mon Sep 26 08:13:46 2016] [debug] Rendering template "mojo/menubar.html.ep"
[Mon Sep 26 08:13:46 2016] [debug] Your secret passphrase needs to be changed
[Mon Sep 26 08:13:46 2016] [debug] 500 Internal Server Error (0.059905s, 16.693/s)
[Mon Sep 26 08:14:44 2016] [debug] Reading configuration file "/home/raven/dev/rplus_import2/app.conf"
[Mon Sep 26 08:14:52 2016] [debug] Reading configuration file "/home/raven/dev/rplus_import2/app.conf"
[Mon Sep 26 08:14:52 2016] [debug] GET "/"
[Mon Sep 26 08:14:52 2016] [debug] Rendering template "main/index.html.ep"
[Mon Sep 26 08:14:53 2016] [debug] Rendering template "layouts/default.html.ep"
[Mon Sep 26 08:14:53 2016] [debug] 200 OK (0.037976s, 26.332/s)
[Mon Sep 26 08:15:15 2016] [debug] GET "/%D1%84%D0%B7%D1%88/%D0%BA%D1%83%D1%84%D0%B4%D0%B5%D0%BD/%D0%BF%D1%83%D0%B5"
[Mon Sep 26 08:15:15 2016] [debug] Template "not_found.development.html.ep" not found
[Mon Sep 26 08:15:15 2016] [debug] Template "not_found.html.ep" not found
[Mon Sep 26 08:15:15 2016] [debug] Rendering template "mojo/debug.html.ep"
[Mon Sep 26 08:15:15 2016] [debug] Rendering template "mojo/menubar.html.ep"
[Mon Sep 26 08:15:15 2016] [debug] Your secret passphrase needs to be changed
[Mon Sep 26 08:15:15 2016] [debug] 404 Not Found (0.034386s, 29.082/s)
[Mon Sep 26 08:15:27 2016] [debug] GET "/api/realty/get"
[Mon Sep 26 08:15:27 2016] [debug] Routing to controller "RplusImport2::Controller::API::Realty" and action "get"
[Mon Sep 26 08:15:27 2016] [debug] 200 OK (0.002083s, 480.077/s)
[Mon Sep 26 08:15:48 2016] [debug] GET "/"
[Mon Sep 26 08:15:48 2016] [debug] Rendering cached template "main/index.html.ep"
[Mon Sep 26 08:15:48 2016] [debug] Rendering cached template "layouts/default.html.ep"
[Mon Sep 26 08:15:48 2016] [debug] 200 OK (0.002155s, 464.037/s)
[Mon Sep 26 09:31:08 2016] [debug] Reading configuration file "/home/raven/dev/rplus_import2/app.conf"
[Mon Sep 26 09:31:09 2016] [debug] GET "/api/result/get"
[Mon Sep 26 09:31:09 2016] [debug] Class "RplusImport2::Controller::API::Result" is not a controller
[Mon Sep 26 09:31:09 2016] [debug] Template "result/get.html.ep" not found
[Mon Sep 26 09:31:09 2016] [debug] Template "not_found.development.html.ep" not found
[Mon Sep 26 09:31:09 2016] [debug] Template "not_found.html.ep" not found
[Mon Sep 26 09:31:09 2016] [debug] Rendering template "mojo/debug.html.ep"
[Mon Sep 26 09:31:09 2016] [debug] Rendering template "mojo/menubar.html.ep"
[Mon Sep 26 09:31:09 2016] [debug] Your secret passphrase needs to be changed
[Mon Sep 26 09:31:09 2016] [debug] 404 Not Found (0.382607s, 2.614/s)
[Mon Sep 26 09:31:31 2016] [debug] Reading configuration file "/home/raven/dev/rplus_import2/app.conf"
[Mon Sep 26 09:31:31 2016] [debug] GET "/api/result/get"
[Mon Sep 26 09:31:32 2016] [debug] Routing to controller "RplusImport2::Controller::API::Result" and action "get"
[Mon Sep 26 09:31:32 2016] [debug] 200 OK (0.367942s, 2.718/s)
[Mon Sep 26 09:32:14 2016] [debug] Reading configuration file "/home/raven/dev/rplus_import2/app.conf"
[Mon Sep 26 09:35:55 2016] [debug] Reading configuration file "/home/raven/dev/rplus_import2/app.conf"
[Mon Sep 26 09:36:24 2016] [debug] Reading configuration file "/home/raven/dev/rplus_import2/app.conf"
[Mon Sep 26 09:36:30 2016] [debug] Reading configuration file "/home/raven/dev/rplus_import2/app.conf"
[Mon Sep 26 09:36:44 2016] [debug] Reading configuration file "/home/raven/dev/rplus_import2/app.conf"
[Mon Sep 26 09:37:11 2016] [debug] Reading configuration file "/home/raven/dev/rplus_import2/app.conf"
[Mon Sep 26 09:37:43 2016] [debug] Reading configuration file "/home/raven/dev/rplus_import2/app.conf"
[Mon Sep 26 09:38:41 2016] [debug] Reading configuration file "/home/raven/dev/rplus_import2/app.conf"
[Mon Sep 26 09:39:15 2016] [debug] Reading configuration file "/home/raven/dev/rplus_import2/app.conf"
[Mon Sep 26 09:41:19 2016] [debug] GET "/api/result/get"
[Mon Sep 26 09:41:20 2016] [error] Global symbol "$r" requires explicit package name at /home/raven/dev/rplus_import2/script/../lib/RplusImport2/Controller/API/Result.pm line 28.
syntax error at /home/raven/dev/rplus_import2/script/../lib/RplusImport2/Controller/API/Result.pm line 29, near "}"
Global symbol "$r" requires explicit package name at /home/raven/dev/rplus_import2/script/../lib/RplusImport2/Controller/API/Result.pm line 30.
Global symbol "$self" requires explicit package name at /home/raven/dev/rplus_import2/script/../lib/RplusImport2/Controller/API/Result.pm line 34.
Global symbol "$list" requires explicit package name at /home/raven/dev/rplus_import2/script/../lib/RplusImport2/Controller/API/Result.pm line 34.
syntax error at /home/raven/dev/rplus_import2/script/../lib/RplusImport2/Controller/API/Result.pm line 35, near "}"
Compilation failed in require at (eval 94) line 1.

[Mon Sep 26 09:41:20 2016] [debug] Template "exception.development.html.ep" not found
[Mon Sep 26 09:41:20 2016] [debug] Template "exception.html.ep" not found
[Mon Sep 26 09:41:20 2016] [debug] Rendering template "mojo/debug.html.ep"
[Mon Sep 26 09:41:20 2016] [debug] Rendering template "mojo/menubar.html.ep"
[Mon Sep 26 09:41:20 2016] [debug] Your secret passphrase needs to be changed
[Mon Sep 26 09:41:20 2016] [debug] 500 Internal Server Error (0.408908s, 2.446/s)
[Mon Sep 26 09:42:00 2016] [debug] Reading configuration file "/home/raven/dev/rplus_import2/app.conf"
[Mon Sep 26 09:42:00 2016] [debug] GET "/api/result/get"
[Mon Sep 26 09:42:00 2016] [error] syntax error at /home/raven/dev/rplus_import2/script/../lib/RplusImport2/Controller/API/Result.pm line 29, near "}"
Global symbol "$r" requires explicit package name at /home/raven/dev/rplus_import2/script/../lib/RplusImport2/Controller/API/Result.pm line 30.
Global symbol "$self" requires explicit package name at /home/raven/dev/rplus_import2/script/../lib/RplusImport2/Controller/API/Result.pm line 34.
Global symbol "$list" requires explicit package name at /home/raven/dev/rplus_import2/script/../lib/RplusImport2/Controller/API/Result.pm line 34.
syntax error at /home/raven/dev/rplus_import2/script/../lib/RplusImport2/Controller/API/Result.pm line 35, near "}"
Compilation failed in require at (eval 94) line 1.

[Mon Sep 26 09:42:00 2016] [debug] Template "exception.development.html.ep" not found
[Mon Sep 26 09:42:00 2016] [debug] Template "exception.html.ep" not found
[Mon Sep 26 09:42:00 2016] [debug] Rendering template "mojo/debug.html.ep"
[Mon Sep 26 09:42:00 2016] [debug] Rendering template "mojo/menubar.html.ep"
[Mon Sep 26 09:42:00 2016] [debug] Your secret passphrase needs to be changed
[Mon Sep 26 09:42:00 2016] [debug] 500 Internal Server Error (0.395771s, 2.527/s)
[Mon Sep 26 09:42:14 2016] [debug] Reading configuration file "/home/raven/dev/rplus_import2/app.conf"
[Mon Sep 26 09:42:14 2016] [debug] GET "/api/result/get"
[Mon Sep 26 09:42:14 2016] [debug] Routing to controller "RplusImport2::Controller::API::Result" and action "get"
[Mon Sep 26 09:42:14 2016] [error] Not an ARRAY reference at /home/raven/perl5/perlbrew/perls/perl-5.18.4/lib/site_perl/5.18.4/Rose/DB/Object/QueryBuilder.pm line 164.

[Mon Sep 26 09:42:14 2016] [debug] Template "exception.development.html.ep" not found
[Mon Sep 26 09:42:14 2016] [debug] Template "exception.html.ep" not found
[Mon Sep 26 09:42:14 2016] [debug] Rendering template "mojo/debug.html.ep"
[Mon Sep 26 09:42:14 2016] [debug] Rendering template "mojo/menubar.html.ep"
[Mon Sep 26 09:42:15 2016] [debug] Your secret passphrase needs to be changed
[Mon Sep 26 09:42:15 2016] [debug] 500 Internal Server Error (0.402012s, 2.487/s)
[Mon Sep 26 09:42:38 2016] [debug] Reading configuration file "/home/raven/dev/rplus_import2/app.conf"
[Mon Sep 26 09:42:38 2016] [debug] GET "/api/result/get"
[Mon Sep 26 09:42:38 2016] [debug] Routing to controller "RplusImport2::Controller::API::Result" and action "get"
[Mon Sep 26 09:42:38 2016] [error] Can't call method "list" on unblessed reference at /home/raven/dev/rplus_import2/script/../lib/RplusImport2/Controller/API/Result.pm line 30.

[Mon Sep 26 09:42:38 2016] [debug] Template "exception.development.html.ep" not found
[Mon Sep 26 09:42:38 2016] [debug] Template "exception.html.ep" not found
[Mon Sep 26 09:42:38 2016] [debug] Rendering template "mojo/debug.html.ep"
[Mon Sep 26 09:42:38 2016] [debug] Rendering template "mojo/menubar.html.ep"
[Mon Sep 26 09:42:38 2016] [debug] Your secret passphrase needs to be changed
[Mon Sep 26 09:42:39 2016] [debug] 500 Internal Server Error (0.412923s, 2.422/s)
[Mon Sep 26 09:42:52 2016] [debug] Reading configuration file "/home/raven/dev/rplus_import2/app.conf"
[Mon Sep 26 09:42:53 2016] [debug] GET "/api/result/get"
[Mon Sep 26 09:42:53 2016] [error] syntax error at /home/raven/dev/rplus_import2/script/../lib/RplusImport2/Controller/API/Result.pm line 34, near "$self"
Missing right curly or square bracket at /home/raven/dev/rplus_import2/script/../lib/RplusImport2/Controller/API/Result.pm line 37, at end of line
syntax error at /home/raven/dev/rplus_import2/script/../lib/RplusImport2/Controller/API/Result.pm line 37, at EOF
Compilation failed in require at (eval 94) line 1.

[Mon Sep 26 09:42:53 2016] [debug] Template "exception.development.html.ep" not found
[Mon Sep 26 09:42:53 2016] [debug] Template "exception.html.ep" not found
[Mon Sep 26 09:42:53 2016] [debug] Rendering template "mojo/debug.html.ep"
[Mon Sep 26 09:42:54 2016] [debug] Rendering template "mojo/menubar.html.ep"
[Mon Sep 26 09:42:54 2016] [debug] Your secret passphrase needs to be changed
[Mon Sep 26 09:42:54 2016] [debug] 500 Internal Server Error (0.358947s, 2.786/s)
[Mon Sep 26 09:43:14 2016] [debug] Reading configuration file "/home/raven/dev/rplus_import2/app.conf"
[Mon Sep 26 09:43:14 2016] [debug] GET "/api/result/get"
[Mon Sep 26 09:43:14 2016] [debug] Routing to controller "RplusImport2::Controller::API::Result" and action "get"
[Mon Sep 26 09:43:14 2016] [error] Not an ARRAY reference at /home/raven/dev/rplus_import2/script/../lib/RplusImport2/Controller/API/Result.pm line 30.

[Mon Sep 26 09:43:15 2016] [debug] Template "exception.development.html.ep" not found
[Mon Sep 26 09:43:15 2016] [debug] Template "exception.html.ep" not found
[Mon Sep 26 09:43:15 2016] [debug] Rendering template "mojo/debug.html.ep"
[Mon Sep 26 09:43:15 2016] [debug] Rendering template "mojo/menubar.html.ep"
[Mon Sep 26 09:43:15 2016] [debug] Your secret passphrase needs to be changed
[Mon Sep 26 09:43:15 2016] [debug] 500 Internal Server Error (0.388264s, 2.576/s)
[Mon Sep 26 09:43:31 2016] [debug] Reading configuration file "/home/raven/dev/rplus_import2/app.conf"
[Mon Sep 26 09:43:31 2016] [debug] GET "/api/result/get"
[Mon Sep 26 09:43:32 2016] [debug] Routing to controller "RplusImport2::Controller::API::Result" and action "get"
[Mon Sep 26 09:43:32 2016] [debug] 200 OK (0.34399s, 2.907/s)
[Mon Sep 26 09:44:38 2016] [debug] Reading configuration file "/home/raven/dev/rplus_import2/app.conf"
[Mon Sep 26 09:44:38 2016] [debug] GET "/api/result/get"
[Mon Sep 26 09:44:39 2016] [debug] Routing to controller "RplusImport2::Controller::API::Result" and action "get"
[Mon Sep 26 09:44:39 2016] [debug] 200 OK (0.363479s, 2.751/s)
[Mon Sep 26 10:26:50 2016] [debug] Reading configuration file "/home/raven/dev/rplus_import2/app.conf"
[Mon Sep 26 10:33:27 2016] [debug] Reading configuration file "/home/raven/dev/rplus_import2/app.conf"
[Mon Sep 26 10:50:29 2016] [debug] Reading configuration file "/home/raven/dev/rplus_import2/app.conf"
[Mon Sep 26 10:50:45 2016] [debug] Reading configuration file "/home/raven/dev/rplus_import2/app.conf"
[Mon Sep 26 10:51:25 2016] [debug] Reading configuration file "/home/raven/dev/rplus_import2/app.conf"
[Mon Sep 26 10:54:51 2016] [debug] Reading configuration file "/home/raven/dev/rplus_import2/app.conf"
[Mon Sep 26 11:01:55 2016] [debug] Reading configuration file "/home/raven/dev/rplus_import2/app.conf"
[Mon Sep 26 11:01:58 2016] [debug] Reading configuration file "/home/raven/dev/rplus_import2/app.conf"
[Mon Sep 26 11:02:30 2016] [debug] Reading configuration file "/home/raven/dev/rplus_import2/app.conf"
[Mon Sep 26 11:03:01 2016] [debug] Reading configuration file "/home/raven/dev/rplus_import2/app.conf"
[Mon Sep 26 11:03:05 2016] [debug] Reading configuration file "/home/raven/dev/rplus_import2/app.conf"
[Mon Sep 26 11:03:36 2016] [debug] Reading configuration file "/home/raven/dev/rplus_import2/app.conf"
[Mon Sep 26 11:04:03 2016] [debug] Reading configuration file "/home/raven/dev/rplus_import2/app.conf"
[Mon Sep 26 11:04:18 2016] [debug] Reading configuration file "/home/raven/dev/rplus_import2/app.conf"
[Mon Sep 26 11:04:27 2016] [debug] Reading configuration file "/home/raven/dev/rplus_import2/app.conf"
[Mon Sep 26 11:04:32 2016] [debug] Reading configuration file "/home/raven/dev/rplus_import2/app.conf"
[Mon Sep 26 11:09:04 2016] [debug] Reading configuration file "/home/raven/dev/rplus_import2/app.conf"
[Mon Sep 26 11:09:31 2016] [debug] Reading configuration file "/home/raven/dev/rplus_import2/app.conf"
[Mon Sep 26 11:48:39 2016] [debug] Reading configuration file "/home/raven/dev/rplus_import2/app.conf"
[Mon Sep 26 11:52:39 2016] [debug] Reading configuration file "/home/raven/dev/rplus_import2/app.conf"
[Mon Sep 26 11:53:54 2016] [debug] Reading configuration file "/home/raven/dev/rplus_import2/app.conf"
[Mon Sep 26 11:54:52 2016] [debug] Reading configuration file "/home/raven/dev/rplus_import2/app.conf"
[Mon Sep 26 12:43:35 2016] [debug] GET "/"
[Mon Sep 26 12:43:35 2016] [debug] Rendering template "main/index.html.ep"
[Mon Sep 26 12:43:35 2016] [debug] Rendering template "layouts/default.html.ep"
[Mon Sep 26 12:43:35 2016] [debug] 200 OK (0.030328s, 32.973/s)
[Tue Sep 27 06:03:39 2016] [debug] Reading configuration file "/home/raven/dev/rplus_import2/app.conf"
[Tue Sep 27 06:03:47 2016] [debug] Reading configuration file "/home/raven/dev/rplus_import2/app.conf"
[Tue Sep 27 06:06:17 2016] [debug] Reading configuration file "/home/raven/dev/rplus_import2/app.conf"
[Tue Sep 27 06:07:09 2016] [debug] Reading configuration file "/home/raven/dev/rplus_import2/app.conf"
[Tue Sep 27 06:07:15 2016] [debug] Reading configuration file "/home/raven/dev/rplus_import2/app.conf"
[Tue Sep 27 06:11:02 2016] [debug] Reading configuration file "/home/raven/dev/rplus_import2/app.conf"
[Tue Sep 27 06:11:10 2016] [debug] Reading configuration file "/home/raven/dev/rplus_import2/app.conf"
[Tue Sep 27 06:12:16 2016] [debug] Reading configuration file "/home/raven/dev/rplus_import2/app.conf"
[Tue Sep 27 06:12:26 2016] [debug] Reading configuration file "/home/raven/dev/rplus_import2/app.conf"
[Tue Sep 27 06:14:40 2016] [debug] Reading configuration file "/home/raven/dev/rplus_import2/app.conf"
[Tue Sep 27 06:17:19 2016] [debug] Reading configuration file "/home/raven/dev/rplus_import2/app.conf"
[Tue Sep 27 06:18:29 2016] [debug] Reading configuration file "/home/raven/dev/rplus_import2/app.conf"
[Tue Sep 27 06:18:36 2016] [debug] Reading configuration file "/home/raven/dev/rplus_import2/app.conf"
[Tue Sep 27 06:21:07 2016] [debug] Reading configuration file "/home/raven/dev/rplus_import2/app.conf"
[Tue Sep 27 06:21:19 2016] [debug] Reading configuration file "/home/raven/dev/rplus_import2/app.conf"
[Tue Sep 27 06:21:28 2016] [debug] Reading configuration file "/home/raven/dev/rplus_import2/app.conf"
[Tue Sep 27 06:21:47 2016] [debug] Reading configuration file "/home/raven/dev/rplus_import2/app.conf"
[Tue Sep 27 06:24:43 2016] [debug] Reading configuration file "/home/raven/dev/rplus_import2/app.conf"
[Tue Sep 27 06:26:52 2016] [debug] Reading configuration file "/home/raven/dev/rplus_import2/app.conf"
[Tue Sep 27 06:27:40 2016] [debug] Reading configuration file "/home/raven/dev/rplus_import2/app.conf"
[Tue Sep 27 06:29:10 2016] [debug] Reading configuration file "/home/raven/dev/rplus_import2/app.conf"
[Tue Sep 27 06:30:06 2016] [debug] Reading configuration file "/home/raven/dev/rplus_import2/app.conf"
[Tue Sep 27 06:30:13 2016] [debug] Reading configuration file "/home/raven/dev/rplus_import2/app.conf"
[Tue Sep 27 06:30:48 2016] [debug] Reading configuration file "/home/raven/dev/rplus_import2/app.conf"
[Tue Sep 27 06:32:59 2016] [debug] Reading configuration file "/home/raven/dev/rplus_import2/app.conf"
[Tue Sep 27 06:33:48 2016] [debug] Reading configuration file "/home/raven/dev/rplus_import2/app.conf"
[Tue Sep 27 06:34:03 2016] [debug] Reading configuration file "/home/raven/dev/rplus_import2/app.conf"
[Tue Sep 27 06:34:58 2016] [debug] Reading configuration file "/home/raven/dev/rplus_import2/app.conf"
[Tue Sep 27 06:36:44 2016] [debug] Reading configuration file "/home/raven/dev/rplus_import2/app.conf"
[Tue Sep 27 06:37:49 2016] [debug] Reading configuration file "/home/raven/dev/rplus_import2/app.conf"
[Tue Sep 27 06:38:06 2016] [debug] Reading configuration file "/home/raven/dev/rplus_import2/app.conf"
[Tue Sep 27 06:38:11 2016] [debug] Reading configuration file "/home/raven/dev/rplus_import2/app.conf"
[Tue Sep 27 06:39:04 2016] [debug] Reading configuration file "/home/raven/dev/rplus_import2/app.conf"
[Tue Sep 27 06:39:07 2016] [debug] Reading configuration file "/home/raven/dev/rplus_import2/app.conf"
[Tue Sep 27 06:39:12 2016] [debug] Reading configuration file "/home/raven/dev/rplus_import2/app.conf"
[Tue Sep 27 06:40:05 2016] [debug] Reading configuration file "/home/raven/dev/rplus_import2/app.conf"
[Tue Sep 27 06:40:47 2016] [debug] Reading configuration file "/home/raven/dev/rplus_import2/app.conf"
[Tue Sep 27 06:42:02 2016] [debug] Reading configuration file "/home/raven/dev/rplus_import2/app.conf"
[Tue Sep 27 06:43:08 2016] [debug] Reading configuration file "/home/raven/dev/rplus_import2/app.conf"
[Tue Sep 27 06:46:37 2016] [debug] Reading configuration file "/home/raven/dev/rplus_import2/app.conf"
[Tue Sep 27 06:47:05 2016] [debug] Reading configuration file "/home/raven/dev/rplus_import2/app.conf"
[Tue Sep 27 06:47:46 2016] [debug] Reading configuration file "/home/raven/dev/rplus_import2/app.conf"
[Tue Sep 27 06:49:31 2016] [debug] Reading configuration file "/home/raven/dev/rplus_import2/app.conf"
[Tue Sep 27 06:50:37 2016] [debug] Reading configuration file "/home/raven/dev/rplus_import2/app.conf"
[Tue Sep 27 06:53:10 2016] [debug] Reading configuration file "/home/raven/dev/rplus_import2/app.conf"
[Tue Sep 27 06:54:28 2016] [debug] Reading configuration file "/home/raven/dev/rplus_import2/app.conf"
[Tue Sep 27 06:58:16 2016] [debug] Reading configuration file "/home/raven/dev/rplus_import2/app.conf"
[Tue Sep 27 06:59:45 2016] [debug] Reading configuration file "/home/raven/dev/rplus_import2/app.conf"
[Tue Sep 27 07:13:08 2016] [debug] Reading configuration file "/home/raven/dev/rplus_import2/app.conf"
[Tue Sep 27 07:26:16 2016] [debug] Reading configuration file "/home/raven/dev/rplus_import2/app.conf"
[Tue Sep 27 07:32:36 2016] [debug] Reading configuration file "/home/raven/dev/rplus_import2/app.conf"
[Tue Sep 27 07:42:32 2016] [debug] Reading configuration file "/home/raven/dev/rplus_import2/app.conf"
[Tue Sep 27 08:26:01 2016] [debug] Reading configuration file "/home/raven/dev/rplus_import2/app.conf"
[Tue Sep 27 08:27:36 2016] [debug] Reading configuration file "/home/raven/dev/rplus_import2/app.conf"
[Tue Sep 27 08:29:38 2016] [debug] Reading configuration file "/home/raven/dev/rplus_import2/app.conf"
[Tue Sep 27 08:44:33 2016] [debug] Reading configuration file "/home/raven/dev/rplus_import2/app.conf"
[Tue Sep 27 08:46:38 2016] [debug] Reading configuration file "/home/raven/dev/rplus_import2/app.conf"
[Tue Sep 27 08:47:31 2016] [debug] Reading configuration file "/home/raven/dev/rplus_import2/app.conf"
[Tue Sep 27 08:51:23 2016] [debug] Reading configuration file "/home/raven/dev/rplus_import2/app.conf"
[Tue Sep 27 08:52:41 2016] [debug] Reading configuration file "/home/raven/dev/rplus_import2/app.conf"
[Tue Sep 27 08:54:41 2016] [debug] Reading configuration file "/home/raven/dev/rplus_import2/app.conf"
[Tue Sep 27 08:55:38 2016] [debug] Reading configuration file "/home/raven/dev/rplus_import2/app.conf"
[Tue Sep 27 08:55:54 2016] [debug] Reading configuration file "/home/raven/dev/rplus_import2/app.conf"
[Tue Sep 27 08:56:02 2016] [debug] Reading configuration file "/home/raven/dev/rplus_import2/app.conf"
[Tue Sep 27 09:00:23 2016] [debug] Reading configuration file "/home/raven/dev/rplus_import2/app.conf"
[Tue Sep 27 09:02:25 2016] [debug] Reading configuration file "/home/raven/dev/rplus_import2/app.conf"
[Tue Sep 27 09:04:15 2016] [debug] Reading configuration file "/home/raven/dev/rplus_import2/app.conf"
[Tue Sep 27 09:06:05 2016] [debug] Reading configuration file "/home/raven/dev/rplus_import2/app.conf"
[Tue Sep 27 09:57:09 2016] [debug] Reading configuration file "/home/raven/dev/rplus_import2/app.conf"
[Tue Sep 27 09:57:40 2016] [debug] Reading configuration file "/home/raven/dev/rplus_import2/app.conf"
[Tue Sep 27 09:58:00 2016] [debug] Reading configuration file "/home/raven/dev/rplus_import2/app.conf"
[Tue Sep 27 09:58:11 2016] [debug] Reading configuration file "/home/raven/dev/rplus_import2/app.conf"
[Tue Sep 27 09:58:13 2016] [debug] Reading configuration file "/home/raven/dev/rplus_import2/app.conf"
[Tue Sep 27 09:59:12 2016] [debug] Reading configuration file "/home/raven/dev/rplus_import2/app.conf"
[Tue Sep 27 10:03:16 2016] [debug] Reading configuration file "/home/raven/dev/rplus_import2/app.conf"
[Tue Sep 27 10:05:49 2016] [debug] Reading configuration file "/home/raven/dev/rplus_import2/app.conf"
[Tue Sep 27 10:08:50 2016] [debug] Reading configuration file "/home/raven/dev/rplus_import2/app.conf"
[Tue Sep 27 10:09:35 2016] [debug] Reading configuration file "/home/raven/dev/rplus_import2/app.conf"
[Tue Sep 27 10:14:00 2016] [debug] Reading configuration file "/home/raven/dev/rplus_import2/app.conf"
[Tue Sep 27 10:15:21 2016] [debug] Reading configuration file "/home/raven/dev/rplus_import2/app.conf"
[Tue Sep 27 10:16:35 2016] [debug] Reading configuration file "/home/raven/dev/rplus_import2/app.conf"
[Tue Sep 27 10:16:49 2016] [debug] Reading configuration file "/home/raven/dev/rplus_import2/app.conf"
[Tue Sep 27 10:18:45 2016] [debug] Reading configuration file "/home/raven/dev/rplus_import2/app.conf"
[Tue Sep 27 10:19:17 2016] [debug] Reading configuration file "/home/raven/dev/rplus_import2/app.conf"
[Tue Sep 27 10:19:27 2016] [debug] Reading configuration file "/home/raven/dev/rplus_import2/app.conf"
[Tue Sep 27 10:20:39 2016] [debug] Reading configuration file "/home/raven/dev/rplus_import2/app.conf"
[Tue Sep 27 10:22:49 2016] [debug] Reading configuration file "/home/raven/dev/rplus_import2/app.conf"
[Tue Sep 27 10:23:36 2016] [debug] Reading configuration file "/home/raven/dev/rplus_import2/app.conf"
[Tue Sep 27 10:23:44 2016] [debug] Reading configuration file "/home/raven/dev/rplus_import2/app.conf"
[Tue Sep 27 10:25:44 2016] [debug] Reading configuration file "/home/raven/dev/rplus_import2/app.conf"
[Tue Sep 27 10:40:45 2016] [debug] Reading configuration file "/home/raven/dev/rplus_import2/app.conf"
[Tue Sep 27 10:52:55 2016] [debug] Reading configuration file "/home/raven/dev/rplus_import2/app.conf"
[Tue Sep 27 10:53:36 2016] [debug] Reading configuration file "/home/raven/dev/rplus_import2/app.conf"
[Tue Sep 27 10:53:48 2016] [debug] Reading configuration file "/home/raven/dev/rplus_import2/app.conf"
[Tue Sep 27 10:56:43 2016] [debug] Reading configuration file "/home/raven/dev/rplus_import2/app.conf"
[Tue Sep 27 10:56:49 2016] [debug] Reading configuration file "/home/raven/dev/rplus_import2/app.conf"
[Tue Sep 27 10:57:06 2016] [debug] Reading configuration file "/home/raven/dev/rplus_import2/app.conf"
[Tue Sep 27 10:57:25 2016] [debug] Reading configuration file "/home/raven/dev/rplus_import2/app.conf"
[Tue Sep 27 10:59:15 2016] [debug] Reading configuration file "/home/raven/dev/rplus_import2/app.conf"
[Tue Sep 27 10:59:46 2016] [debug] Reading configuration file "/home/raven/dev/rplus_import2/app.conf"
[Tue Sep 27 11:00:23 2016] [debug] Reading configuration file "/home/raven/dev/rplus_import2/app.conf"
[Tue Sep 27 11:00:31 2016] [debug] Reading configuration file "/home/raven/dev/rplus_import2/app.conf"
[Tue Sep 27 11:00:39 2016] [debug] Reading configuration file "/home/raven/dev/rplus_import2/app.conf"
[Tue Sep 27 11:02:28 2016] [debug] Reading configuration file "/home/raven/dev/rplus_import2/app.conf"
[Tue Sep 27 11:02:36 2016] [debug] Reading configuration file "/home/raven/dev/rplus_import2/app.conf"
[Tue Sep 27 11:03:02 2016] [debug] Reading configuration file "/home/raven/dev/rplus_import2/app.conf"
[Tue Sep 27 11:03:06 2016] [debug] Reading configuration file "/home/raven/dev/rplus_import2/app.conf"
[Tue Sep 27 11:05:53 2016] [debug] Reading configuration file "/home/raven/dev/rplus_import2/app.conf"
[Tue Sep 27 11:11:16 2016] [debug] Reading configuration file "/home/raven/dev/rplus_import2/app.conf"
[Tue Sep 27 11:11:25 2016] [debug] Reading configuration file "/home/raven/dev/rplus_import2/app.conf"
[Tue Sep 27 11:11:32 2016] [debug] Reading configuration file "/home/raven/dev/rplus_import2/app.conf"
[Tue Sep 27 11:13:07 2016] [debug] Reading configuration file "/home/raven/dev/rplus_import2/app.conf"
[Tue Sep 27 11:13:43 2016] [debug] Reading configuration file "/home/raven/dev/rplus_import2/app.conf"
[Tue Sep 27 11:44:42 2016] [debug] Reading configuration file "/home/raven/dev/rplus_import2/app.conf"
[Tue Sep 27 11:45:39 2016] [debug] Reading configuration file "/home/raven/dev/rplus_import2/app.conf"
[Tue Sep 27 11:46:10 2016] [debug] Reading configuration file "/home/raven/dev/rplus_import2/app.conf"
[Tue Sep 27 11:46:19 2016] [debug] Reading configuration file "/home/raven/dev/rplus_import2/app.conf"
[Tue Sep 27 11:47:04 2016] [debug] Reading configuration file "/home/raven/dev/rplus_import2/app.conf"
[Tue Sep 27 11:48:42 2016] [debug] Reading configuration file "/home/raven/dev/rplus_import2/app.conf"
[Tue Sep 27 11:49:54 2016] [debug] Reading configuration file "/home/raven/dev/rplus_import2/app.conf"
[Tue Sep 27 11:50:38 2016] [debug] Reading configuration file "/home/raven/dev/rplus_import2/app.conf"
[Tue Sep 27 11:50:42 2016] [debug] Reading configuration file "/home/raven/dev/rplus_import2/app.conf"
[Tue Sep 27 11:53:15 2016] [debug] Reading configuration file "/home/raven/dev/rplus_import2/app.conf"
[Tue Sep 27 11:55:42 2016] [debug] Reading configuration file "/home/raven/dev/rplus_import2/app.conf"
[Tue Sep 27 11:55:48 2016] [debug] Reading configuration file "/home/raven/dev/rplus_import2/app.conf"
[Tue Sep 27 11:55:56 2016] [debug] Reading configuration file "/home/raven/dev/rplus_import2/app.conf"
[Tue Sep 27 11:56:57 2016] [debug] Reading configuration file "/home/raven/dev/rplus_import2/app.conf"
[Tue Sep 27 11:57:06 2016] [debug] Reading configuration file "/home/raven/dev/rplus_import2/app.conf"
[Tue Sep 27 11:58:45 2016] [debug] Reading configuration file "/home/raven/dev/rplus_import2/app.conf"
[Wed Sep 28 03:53:47 2016] [debug] Reading configuration file "/home/raven/dev/rplus_import2/app.conf"
[Wed Sep 28 03:54:16 2016] [debug] Reading configuration file "/home/raven/dev/rplus_import2/app.conf"
[Wed Sep 28 03:56:17 2016] [debug] Reading configuration file "/home/raven/dev/rplus_import2/app.conf"
[Wed Sep 28 03:56:17 2016] [debug] Worker 30535 started
[Wed Sep 28 03:56:17 2016] [debug] Checking worker registry and job queue
[Wed Sep 28 03:56:51 2016] [debug] Reading configuration file "/home/raven/dev/rplus_import2/app.conf"
[Wed Sep 28 03:56:51 2016] [debug] Worker 30559 started
[Wed Sep 28 03:56:51 2016] [debug] Checking worker registry and job queue
[Wed Sep 28 03:57:31 2016] [debug] Reading configuration file "/home/raven/dev/rplus_import2/app.conf"
[Wed Sep 28 03:58:19 2016] [debug] Reading configuration file "/home/raven/dev/rplus_import2/app.conf"
[Wed Sep 28 03:58:28 2016] [debug] Reading configuration file "/home/raven/dev/rplus_import2/app.conf"
[Wed Sep 28 03:58:28 2016] [debug] Worker 30887 started
[Wed Sep 28 03:58:28 2016] [debug] Checking worker registry and job queue
[Wed Sep 28 03:58:44 2016] [debug] Reading configuration file "/home/raven/dev/rplus_import2/app.conf"
[Wed Sep 28 03:58:44 2016] [debug] Worker 30898 started
[Wed Sep 28 03:58:44 2016] [debug] Checking worker registry and job queue
[Wed Sep 28 03:59:05 2016] [debug] Reading configuration file "/home/raven/dev/rplus_import2/app.conf"
[Wed Sep 28 03:59:27 2016] [debug] Reading configuration file "/home/raven/dev/rplus_import2/app.conf"
[Wed Sep 28 04:05:46 2016] [debug] Reading configuration file "/home/raven/dev/rplus_import2/app.conf"
[Wed Sep 28 04:08:53 2016] [debug] Reading configuration file "/home/raven/dev/rplus_import2/app.conf"
[Wed Sep 28 04:11:53 2016] [debug] Reading configuration file "/home/raven/dev/rplus_import2/app.conf"
[Wed Sep 28 04:21:54 2016] [debug] Reading configuration file "/home/raven/dev/rplus_import2/app.conf"
[Wed Sep 28 04:22:57 2016] [debug] Reading configuration file "/home/raven/dev/rplus_import2/app.conf"
[Wed Sep 28 04:23:02 2016] [debug] Reading configuration file "/home/raven/dev/rplus_import2/app.conf"
[Wed Sep 28 04:23:08 2016] [debug] Reading configuration file "/home/raven/dev/rplus_import2/app.conf"
[Wed Sep 28 04:23:42 2016] [debug] Reading configuration file "/home/raven/dev/rplus_import2/app.conf"
[Wed Sep 28 04:25:13 2016] [debug] Reading configuration file "/home/raven/dev/rplus_import2/app.conf"
[Wed Sep 28 04:28:25 2016] [debug] Reading configuration file "/home/raven/dev/rplus_import2/app.conf"
[Wed Sep 28 04:28:32 2016] [debug] Reading configuration file "/home/raven/dev/rplus_import2/app.conf"
[Wed Sep 28 05:57:22 2016] [debug] Reading configuration file "/home/raven/dev/rplus_import2/app.conf"
[Wed Sep 28 05:58:19 2016] [debug] Reading configuration file "/home/raven/dev/rplus_import2/app.conf"
[Wed Sep 28 05:59:40 2016] [debug] Reading configuration file "/home/raven/dev/rplus_import2/app.conf"
[Wed Sep 28 06:04:22 2016] [debug] Reading configuration file "/home/raven/dev/rplus_import2/app.conf"
[Wed Sep 28 06:04:56 2016] [debug] Reading configuration file "/home/raven/dev/rplus_import2/app.conf"
[Wed Sep 28 06:06:15 2016] [debug] Reading configuration file "/home/raven/dev/rplus_import2/app.conf"
[Wed Sep 28 06:07:26 2016] [debug] Reading configuration file "/home/raven/dev/rplus_import2/app.conf"
[Wed Sep 28 06:10:13 2016] [debug] Reading configuration file "/home/raven/dev/rplus_import2/app.conf"
[Wed Sep 28 06:11:03 2016] [debug] Reading configuration file "/home/raven/dev/rplus_import2/app.conf"
[Wed Sep 28 06:11:52 2016] [debug] Reading configuration file "/home/raven/dev/rplus_import2/app.conf"
[Wed Sep 28 06:12:06 2016] [debug] Reading configuration file "/home/raven/dev/rplus_import2/app.conf"
[Wed Sep 28 06:13:03 2016] [debug] Reading configuration file "/home/raven/dev/rplus_import2/app.conf"
[Wed Sep 28 06:13:13 2016] [debug] Reading configuration file "/home/raven/dev/rplus_import2/app.conf"
[Wed Sep 28 06:14:15 2016] [debug] Reading configuration file "/home/raven/dev/rplus_import2/app.conf"
[Wed Sep 28 06:14:17 2016] [debug] Reading configuration file "/home/raven/dev/rplus_import2/app.conf"
[Wed Sep 28 06:15:29 2016] [debug] Reading configuration file "/home/raven/dev/rplus_import2/app.conf"
[Wed Sep 28 06:15:36 2016] [debug] Reading configuration file "/home/raven/dev/rplus_import2/app.conf"
[Wed Sep 28 06:16:36 2016] [debug] Reading configuration file "/home/raven/dev/rplus_import2/app.conf"
[Wed Sep 28 06:16:48 2016] [debug] Reading configuration file "/home/raven/dev/rplus_import2/app.conf"
[Wed Sep 28 06:18:03 2016] [debug] Reading configuration file "/home/raven/dev/rplus_import2/app.conf"
[Wed Sep 28 06:18:09 2016] [debug] Reading configuration file "/home/raven/dev/rplus_import2/app.conf"
[Wed Sep 28 06:18:17 2016] [debug] Reading configuration file "/home/raven/dev/rplus_import2/app.conf"
[Wed Sep 28 06:19:11 2016] [debug] Reading configuration file "/home/raven/dev/rplus_import2/app.conf"
[Wed Sep 28 06:20:06 2016] [debug] Reading configuration file "/home/raven/dev/rplus_import2/app.conf"
[Wed Sep 28 06:21:58 2016] [debug] Reading configuration file "/home/raven/dev/rplus_import2/app.conf"
[Wed Sep 28 06:22:19 2016] [debug] Reading configuration file "/home/raven/dev/rplus_import2/app.conf"
[Wed Sep 28 06:23:23 2016] [debug] Reading configuration file "/home/raven/dev/rplus_import2/app.conf"
[Wed Sep 28 06:29:25 2016] [debug] Reading configuration file "/home/raven/dev/rplus_import2/app.conf"
[Wed Sep 28 06:47:17 2016] [debug] Reading configuration file "/home/raven/dev/rplus_import2/app.conf"
[Wed Sep 28 06:49:59 2016] [debug] Reading configuration file "/home/raven/dev/rplus_import2/app.conf"
[Wed Sep 28 06:50:42 2016] [debug] Reading configuration file "/home/raven/dev/rplus_import2/app.conf"
[Wed Sep 28 06:52:53 2016] [debug] Reading configuration file "/home/raven/dev/rplus_import2/app.conf"
[Wed Sep 28 06:53:34 2016] [debug] Reading configuration file "/home/raven/dev/rplus_import2/app.conf"
[Wed Sep 28 06:54:05 2016] [debug] Reading configuration file "/home/raven/dev/rplus_import2/app.conf"
[Wed Sep 28 06:54:46 2016] [debug] Reading configuration file "/home/raven/dev/rplus_import2/app.conf"
[Wed Sep 28 06:58:04 2016] [debug] Reading configuration file "/home/raven/dev/rplus_import2/app.conf"
[Wed Sep 28 06:58:17 2016] [debug] Reading configuration file "/home/raven/dev/rplus_import2/app.conf"
[Wed Sep 28 07:00:32 2016] [debug] Reading configuration file "/home/raven/dev/rplus_import2/app.conf"
[Wed Sep 28 07:04:01 2016] [debug] Reading configuration file "/home/raven/dev/rplus_import2/app.conf"
[Wed Sep 28 07:04:35 2016] [debug] Reading configuration file "/home/raven/dev/rplus_import2/app.conf"
[Wed Sep 28 07:05:19 2016] [debug] Reading configuration file "/home/raven/dev/rplus_import2/app.conf"
[Wed Sep 28 07:05:26 2016] [debug] Reading configuration file "/home/raven/dev/rplus_import2/app.conf"
[Wed Sep 28 07:07:44 2016] [debug] GET "/api/result/get"
[Wed Sep 28 07:07:44 2016] [debug] Routing to controller "RplusImport2::Controller::API::Result" and action "get"
[Wed Sep 28 07:07:44 2016] [debug] 200 OK (0.0101s, 99.010/s)
[Wed Sep 28 07:27:29 2016] [debug] Reading configuration file "/home/raven/dev/rplus_import2/app.conf"
[Wed Sep 28 07:40:20 2016] [debug] Reading configuration file "/home/raven/dev/rplus_import2/app.conf"
[Wed Sep 28 07:50:58 2016] [debug] Reading configuration file "/home/raven/dev/rplus_import2/app.conf"
[Wed Sep 28 07:51:37 2016] [debug] Reading configuration file "/home/raven/dev/rplus_import2/app.conf"
[Wed Sep 28 07:51:59 2016] [debug] Reading configuration file "/home/raven/dev/rplus_import2/app.conf"
[Wed Sep 28 08:03:04 2016] [debug] Reading configuration file "/home/raven/dev/rplus_import2/app.conf"
[Wed Sep 28 08:03:52 2016] [debug] Reading configuration file "/home/raven/dev/rplus_import2/app.conf"
[Wed Sep 28 08:04:20 2016] [debug] Reading configuration file "/home/raven/dev/rplus_import2/app.conf"
[Wed Sep 28 08:04:34 2016] [debug] Reading configuration file "/home/raven/dev/rplus_import2/app.conf"
[Wed Sep 28 08:04:51 2016] [debug] Reading configuration file "/home/raven/dev/rplus_import2/app.conf"
[Wed Sep 28 08:06:06 2016] [debug] Reading configuration file "/home/raven/dev/rplus_import2/app.conf"
[Wed Sep 28 08:06:56 2016] [debug] Reading configuration file "/home/raven/dev/rplus_import2/app.conf"
[Wed Sep 28 08:06:59 2016] [debug] Reading configuration file "/home/raven/dev/rplus_import2/app.conf"
[Wed Sep 28 08:08:05 2016] [debug] Reading configuration file "/home/raven/dev/rplus_import2/app.conf"
[Wed Sep 28 09:30:12 2016] [debug] Reading configuration file "/home/raven/dev/rplus_import2/app.conf"
[Wed Sep 28 09:30:45 2016] [debug] Reading configuration file "/home/raven/dev/rplus_import2/app.conf"
[Wed Sep 28 09:33:54 2016] [debug] Reading configuration file "/home/raven/dev/rplus_import2/app.conf"
[Wed Sep 28 09:38:33 2016] [debug] Reading configuration file "/home/raven/dev/rplus_import2/app.conf"
[Wed Sep 28 09:38:53 2016] [debug] Reading configuration file "/home/raven/dev/rplus_import2/app.conf"
[Wed Sep 28 09:40:27 2016] [debug] Reading configuration file "/home/raven/dev/rplus_import2/app.conf"
[Wed Sep 28 09:44:34 2016] [debug] Reading configuration file "/home/raven/dev/rplus_import2/app.conf"
[Wed Sep 28 09:52:40 2016] [debug] Reading configuration file "/home/raven/dev/rplus_import2/app.conf"
[Wed Sep 28 10:00:50 2016] [debug] Reading configuration file "/home/raven/dev/rplus_import2/app.conf"
[Wed Sep 28 10:05:14 2016] [debug] Reading configuration file "/home/raven/dev/rplus_import2/app.conf"
[Wed Sep 28 10:06:45 2016] [debug] Reading configuration file "/home/raven/dev/rplus_import2/app.conf"
[Wed Sep 28 10:11:12 2016] [debug] Reading configuration file "/home/raven/dev/rplus_import2/app.conf"
[Wed Sep 28 10:37:54 2016] [debug] Reading configuration file "/home/raven/dev/rplus_import2/app.conf"
[Wed Sep 28 10:52:13 2016] [debug] Reading configuration file "/home/raven/dev/rplus_import2/app.conf"
[Wed Sep 28 10:56:03 2016] [debug] Reading configuration file "/home/raven/dev/rplus_import2/app.conf"
[Wed Sep 28 11:35:54 2016] [debug] Reading configuration file "/home/raven/dev/rplus_import2/app.conf"
[Wed Sep 28 11:36:38 2016] [debug] Reading configuration file "/home/raven/dev/rplus_import2/app.conf"
[Wed Sep 28 11:41:24 2016] [debug] Reading configuration file "/home/raven/dev/rplus_import2/app.conf"
[Wed Sep 28 11:41:55 2016] [debug] Reading configuration file "/home/raven/dev/rplus_import2/app.conf"
[Wed Sep 28 11:44:36 2016] [debug] Reading configuration file "/home/raven/dev/rplus_import2/app.conf"
[Wed Sep 28 11:44:46 2016] [debug] Reading configuration file "/home/raven/dev/rplus_import2/app.conf"
[Wed Sep 28 11:45:01 2016] [debug] Reading configuration file "/home/raven/dev/rplus_import2/app.conf"
[Wed Sep 28 11:45:08 2016] [debug] Reading configuration file "/home/raven/dev/rplus_import2/app.conf"
[Wed Sep 28 11:45:10 2016] [debug] Reading configuration file "/home/raven/dev/rplus_import2/app.conf"
[Wed Sep 28 11:46:31 2016] [debug] Reading configuration file "/home/raven/dev/rplus_import2/app.conf"
[Wed Sep 28 11:51:40 2016] [debug] Reading configuration file "/home/raven/dev/rplus_import2/app.conf"
[Wed Sep 28 11:51:43 2016] [debug] Reading configuration file "/home/raven/dev/rplus_import2/app.conf"
[Wed Sep 28 11:51:53 2016] [debug] Reading configuration file "/home/raven/dev/rplus_import2/app.conf"
[Wed Sep 28 11:52:06 2016] [debug] Reading configuration file "/home/raven/dev/rplus_import2/app.conf"
[Wed Sep 28 11:52:25 2016] [debug] Reading configuration file "/home/raven/dev/rplus_import2/app.conf"
[Wed Sep 28 11:53:11 2016] [debug] Reading configuration file "/home/raven/dev/rplus_import2/app.conf"
[Wed Sep 28 11:54:14 2016] [debug] Reading configuration file "/home/raven/dev/rplus_import2/app.conf"
[Wed Sep 28 11:55:27 2016] [debug] Reading configuration file "/home/raven/dev/rplus_import2/app.conf"
[Wed Sep 28 11:56:21 2016] [debug] Reading configuration file "/home/raven/dev/rplus_import2/app.conf"
[Thu Sep 29 03:52:04 2016] [debug] Reading configuration file "/home/raven/dev/rplus_import2/app.conf"
[Thu Sep 29 03:53:43 2016] [debug] Reading configuration file "/home/raven/dev/rplus_import2/app.conf"
[Thu Sep 29 03:53:50 2016] [debug] Reading configuration file "/home/raven/dev/rplus_import2/app.conf"
[Thu Sep 29 03:54:05 2016] [debug] Reading configuration file "/home/raven/dev/rplus_import2/app.conf"
[Thu Sep 29 03:54:09 2016] [debug] Reading configuration file "/home/raven/dev/rplus_import2/app.conf"
[Thu Sep 29 03:58:09 2016] [debug] Reading configuration file "/home/raven/dev/rplus_import2/app.conf"
[Thu Sep 29 04:01:26 2016] [debug] Reading configuration file "/home/raven/dev/rplus_import2/app.conf"
[Thu Sep 29 04:01:51 2016] [debug] Reading configuration file "/home/raven/dev/rplus_import2/app.conf"
[Thu Sep 29 04:02:06 2016] [debug] Reading configuration file "/home/raven/dev/rplus_import2/app.conf"
[Thu Sep 29 04:03:11 2016] [debug] Reading configuration file "/home/raven/dev/rplus_import2/app.conf"
[Thu Sep 29 04:05:48 2016] [debug] GET "/"
[Thu Sep 29 04:05:48 2016] [debug] Rendering template "main/index.html.ep"
[Thu Sep 29 04:05:48 2016] [debug] Rendering template "layouts/default.html.ep"
[Thu Sep 29 04:05:48 2016] [debug] 200 OK (0.011506s, 86.911/s)
[Thu Sep 29 04:07:39 2016] [debug] Reading configuration file "/home/raven/dev/rplus_import2/app.conf"
[Thu Sep 29 04:10:25 2016] [debug] Reading configuration file "/home/raven/dev/rplus_import2/app.conf"
[Thu Sep 29 04:12:59 2016] [debug] Reading configuration file "/home/raven/dev/rplus_import2/app.conf"
